<?xml version="1.0" encoding="UTF-8"?>
<!-- Generated by org.testng.reporters.JUnitXMLReporter -->
<testsuite ignored="0" hostname="DESKTOP-C4NNM2J" failures="0" tests="1" name="Test_In_firefox" time="2.143" errors="0" timestamp="2023-03-04T23:23:56 GMT">
  <testcase classname="com.hudl.testng.base.ProjectSpecificMethods" name="@BeforeMethod initiateApp" time="2.055">
    <failure type="java.lang.RuntimeException">
      <![CDATA[java.lang.RuntimeException
at com.hudl.selenium.basemethods.BaseMethods.startApp(BaseMethods.java:50)
at com.hudl.testng.base.ProjectSpecificMethods.initiateApp(ProjectSpecificMethods.java:14)
at java.base/java.util.ArrayList.forEach(ArrayList.java:1511)
... Removed 31 stack frames]]>
    </failure>
  </testcase> <!-- @BeforeMethod initiateApp -->
  <testcase classname="com.hudl.testng.base.ProjectSpecificMethods" name="@AfterMethod closeApp" time="-1.677972236096E9">
    <skipped/>
  </testcase> <!-- @AfterMethod closeApp -->
  <testcase classname="io.cucumber.testng.AbstractTestNGCucumberTests" name="runScenario" time="0.0">
    <skipped/>
  </testcase> <!-- runScenario -->
</testsuite> <!-- Test_In_firefox -->
