<?xml version="1.0" encoding="UTF-8"?>
<testng-results ignored="0" total="6" passed="6" failed="0" skipped="0">
  <reporter-output>
  </reporter-output>
  <suite started-at="2023-03-04T13:48:59 GMT" name="Suite" finished-at="2023-03-04T13:49:57 GMT" duration-ms="57586">
    <groups>
      <group name="cucumber">
        <method signature="AbstractTestNGCucumberTests.runScenario(io.cucumber.testng.PickleWrapper,io.cucumber.testng.FeatureWrapper)[pri:0, instance:com.hudl.testcases.Tests_LoginModule@55141def]" name="runScenario" class="io.cucumber.testng.AbstractTestNGCucumberTests"/>
      </group> <!-- cucumber -->
    </groups>
    <test started-at="2023-03-04T13:48:59 GMT" name="Test" finished-at="2023-03-04T13:49:57 GMT" duration-ms="57586">
      <class name="com.hudl.testcases.Tests_LoginModule">
        <test-method is-config="true" signature="beginReport()[pri:0, instance:com.hudl.testcases.Tests_LoginModule@55141def]" started-at="2023-03-04T13:48:59 GMT" name="beginReport" finished-at="2023-03-04T13:48:59 GMT" duration-ms="245" status="PASS">
          <reporter-output>
          </reporter-output>
        </test-method> <!-- beginReport -->
        <test-method is-config="true" signature="setValues()[pri:0, instance:com.hudl.testcases.Tests_LoginModule@55141def]" started-at="2023-03-04T13:48:59 GMT" name="setValues" finished-at="2023-03-04T13:48:59 GMT" duration-ms="1" status="PASS">
          <reporter-output>
          </reporter-output>
        </test-method> <!-- setValues -->
        <test-method is-config="true" signature="setUpClass()[pri:0, instance:com.hudl.testcases.Tests_LoginModule@55141def]" started-at="2023-03-04T13:48:59 GMT" name="setUpClass" finished-at="2023-03-04T13:49:00 GMT" duration-ms="705" status="PASS">
          <reporter-output>
          </reporter-output>
        </test-method> <!-- setUpClass -->
        <test-method is-config="true" signature="report()[pri:0, instance:com.hudl.testcases.Tests_LoginModule@55141def]" started-at="2023-03-04T13:49:00 GMT" name="report" finished-at="2023-03-04T13:49:00 GMT" duration-ms="7" status="PASS">
          <reporter-output>
          </reporter-output>
        </test-method> <!-- report -->
        <test-method is-config="true" signature="initiateApp()[pri:0, instance:com.hudl.testcases.Tests_LoginModule@55141def]" started-at="2023-03-04T13:49:00 GMT" name="initiateApp" finished-at="2023-03-04T13:49:06 GMT" duration-ms="6039" status="PASS">
          <reporter-output>
          </reporter-output>
        </test-method> <!-- initiateApp -->
        <test-method signature="runScenario(io.cucumber.testng.PickleWrapper,io.cucumber.testng.FeatureWrapper)[pri:0, instance:com.hudl.testcases.Tests_LoginModule@55141def]" started-at="2023-03-04T13:49:06 GMT" name="runScenario" description="Runs Cucumber Scenarios" data-provider="scenarios" finished-at="2023-03-04T13:49:17 GMT" duration-ms="10979" status="PASS">
          <params>
            <param index="0">
              <value>
                <![CDATA["Validate the login page of Hudl.com with valid email and password"]]>
              </value>
            </param>
            <param index="1">
              <value>
                <![CDATA["Optional[Login functionality of Hudl.com]"]]>
              </value>
            </param>
          </params>
          <reporter-output>
          </reporter-output>
        </test-method> <!-- runScenario -->
        <test-method is-config="true" signature="closeApp()[pri:0, instance:com.hudl.testcases.Tests_LoginModule@55141def]" started-at="2023-03-04T13:49:17 GMT" name="closeApp" finished-at="2023-03-04T13:49:17 GMT" duration-ms="340" status="PASS">
          <reporter-output>
          </reporter-output>
        </test-method> <!-- closeApp -->
        <test-method is-config="true" signature="initiateApp()[pri:0, instance:com.hudl.testcases.Tests_LoginModule@55141def]" started-at="2023-03-04T13:49:17 GMT" name="initiateApp" finished-at="2023-03-04T13:49:21 GMT" duration-ms="3887" status="PASS">
          <reporter-output>
          </reporter-output>
        </test-method> <!-- initiateApp -->
        <test-method signature="runScenario(io.cucumber.testng.PickleWrapper,io.cucumber.testng.FeatureWrapper)[pri:0, instance:com.hudl.testcases.Tests_LoginModule@55141def]" started-at="2023-03-04T13:49:21 GMT" name="runScenario" description="Runs Cucumber Scenarios" data-provider="scenarios" finished-at="2023-03-04T13:49:25 GMT" duration-ms="4227" status="PASS">
          <params>
            <param index="0">
              <value>
                <![CDATA["Validate the login functionality for invalid email and password"]]>
              </value>
            </param>
            <param index="1">
              <value>
                <![CDATA["Optional[Login functionality of Hudl.com]"]]>
              </value>
            </param>
          </params>
          <reporter-output>
          </reporter-output>
        </test-method> <!-- runScenario -->
        <test-method is-config="true" signature="closeApp()[pri:0, instance:com.hudl.testcases.Tests_LoginModule@55141def]" started-at="2023-03-04T13:49:25 GMT" name="closeApp" finished-at="2023-03-04T13:49:26 GMT" duration-ms="265" status="PASS">
          <reporter-output>
          </reporter-output>
        </test-method> <!-- closeApp -->
        <test-method is-config="true" signature="initiateApp()[pri:0, instance:com.hudl.testcases.Tests_LoginModule@55141def]" started-at="2023-03-04T13:49:26 GMT" name="initiateApp" finished-at="2023-03-04T13:49:29 GMT" duration-ms="3729" status="PASS">
          <reporter-output>
          </reporter-output>
        </test-method> <!-- initiateApp -->
        <test-method signature="runScenario(io.cucumber.testng.PickleWrapper,io.cucumber.testng.FeatureWrapper)[pri:0, instance:com.hudl.testcases.Tests_LoginModule@55141def]" started-at="2023-03-04T13:49:29 GMT" name="runScenario" description="Runs Cucumber Scenarios" data-provider="scenarios" finished-at="2023-03-04T13:49:34 GMT" duration-ms="4406" status="PASS">
          <params>
            <param index="0">
              <value>
                <![CDATA["Validate the login functionality for invalid email and password"]]>
              </value>
            </param>
            <param index="1">
              <value>
                <![CDATA["Optional[Login functionality of Hudl.com]"]]>
              </value>
            </param>
          </params>
          <reporter-output>
          </reporter-output>
        </test-method> <!-- runScenario -->
        <test-method is-config="true" signature="closeApp()[pri:0, instance:com.hudl.testcases.Tests_LoginModule@55141def]" started-at="2023-03-04T13:49:34 GMT" name="closeApp" finished-at="2023-03-04T13:49:34 GMT" duration-ms="228" status="PASS">
          <reporter-output>
          </reporter-output>
        </test-method> <!-- closeApp -->
        <test-method is-config="true" signature="initiateApp()[pri:0, instance:com.hudl.testcases.Tests_LoginModule@55141def]" started-at="2023-03-04T13:49:34 GMT" name="initiateApp" finished-at="2023-03-04T13:49:38 GMT" duration-ms="3535" status="PASS">
          <reporter-output>
          </reporter-output>
        </test-method> <!-- initiateApp -->
        <test-method signature="runScenario(io.cucumber.testng.PickleWrapper,io.cucumber.testng.FeatureWrapper)[pri:0, instance:com.hudl.testcases.Tests_LoginModule@55141def]" started-at="2023-03-04T13:49:38 GMT" name="runScenario" description="Runs Cucumber Scenarios" data-provider="scenarios" finished-at="2023-03-04T13:49:42 GMT" duration-ms="4049" status="PASS">
          <params>
            <param index="0">
              <value>
                <![CDATA["Validate if the links in the Login page are accessible"]]>
              </value>
            </param>
            <param index="1">
              <value>
                <![CDATA["Optional[Login functionality of Hudl.com]"]]>
              </value>
            </param>
          </params>
          <reporter-output>
          </reporter-output>
        </test-method> <!-- runScenario -->
        <test-method is-config="true" signature="closeApp()[pri:0, instance:com.hudl.testcases.Tests_LoginModule@55141def]" started-at="2023-03-04T13:49:42 GMT" name="closeApp" finished-at="2023-03-04T13:49:42 GMT" duration-ms="233" status="PASS">
          <reporter-output>
          </reporter-output>
        </test-method> <!-- closeApp -->
        <test-method is-config="true" signature="initiateApp()[pri:0, instance:com.hudl.testcases.Tests_LoginModule@55141def]" started-at="2023-03-04T13:49:42 GMT" name="initiateApp" finished-at="2023-03-04T13:49:46 GMT" duration-ms="3632" status="PASS">
          <reporter-output>
          </reporter-output>
        </test-method> <!-- initiateApp -->
        <test-method signature="runScenario(io.cucumber.testng.PickleWrapper,io.cucumber.testng.FeatureWrapper)[pri:0, instance:com.hudl.testcases.Tests_LoginModule@55141def]" started-at="2023-03-04T13:49:46 GMT" name="runScenario" description="Runs Cucumber Scenarios" data-provider="scenarios" finished-at="2023-03-04T13:49:49 GMT" duration-ms="3264" status="PASS">
          <params>
            <param index="0">
              <value>
                <![CDATA["Validate if the links in the Login page are accessible"]]>
              </value>
            </param>
            <param index="1">
              <value>
                <![CDATA["Optional[Login functionality of Hudl.com]"]]>
              </value>
            </param>
          </params>
          <reporter-output>
          </reporter-output>
        </test-method> <!-- runScenario -->
        <test-method is-config="true" signature="closeApp()[pri:0, instance:com.hudl.testcases.Tests_LoginModule@55141def]" started-at="2023-03-04T13:49:49 GMT" name="closeApp" finished-at="2023-03-04T13:49:49 GMT" duration-ms="204" status="PASS">
          <reporter-output>
          </reporter-output>
        </test-method> <!-- closeApp -->
        <test-method is-config="true" signature="initiateApp()[pri:0, instance:com.hudl.testcases.Tests_LoginModule@55141def]" started-at="2023-03-04T13:49:49 GMT" name="initiateApp" finished-at="2023-03-04T13:49:53 GMT" duration-ms="4010" status="PASS">
          <reporter-output>
          </reporter-output>
        </test-method> <!-- initiateApp -->
        <test-method signature="runScenario(io.cucumber.testng.PickleWrapper,io.cucumber.testng.FeatureWrapper)[pri:0, instance:com.hudl.testcases.Tests_LoginModule@55141def]" started-at="2023-03-04T13:49:53 GMT" name="runScenario" description="Runs Cucumber Scenarios" data-provider="scenarios" finished-at="2023-03-04T13:49:57 GMT" duration-ms="3547" status="PASS">
          <params>
            <param index="0">
              <value>
                <![CDATA["Validate if the links in the Login page are accessible"]]>
              </value>
            </param>
            <param index="1">
              <value>
                <![CDATA["Optional[Login functionality of Hudl.com]"]]>
              </value>
            </param>
          </params>
          <reporter-output>
          </reporter-output>
        </test-method> <!-- runScenario -->
        <test-method is-config="true" signature="closeApp()[pri:0, instance:com.hudl.testcases.Tests_LoginModule@55141def]" started-at="2023-03-04T13:49:57 GMT" name="closeApp" finished-at="2023-03-04T13:49:57 GMT" duration-ms="207" status="PASS">
          <reporter-output>
          </reporter-output>
        </test-method> <!-- closeApp -->
        <test-method is-config="true" signature="tearDownClass()[pri:0, instance:com.hudl.testcases.Tests_LoginModule@55141def]" started-at="2023-03-04T13:49:57 GMT" name="tearDownClass" finished-at="2023-03-04T13:49:57 GMT" duration-ms="21" status="PASS">
          <reporter-output>
          </reporter-output>
        </test-method> <!-- tearDownClass -->
        <test-method is-config="true" signature="endReport()[pri:0, instance:com.hudl.testcases.Tests_LoginModule@55141def]" started-at="2023-03-04T13:49:57 GMT" name="endReport" finished-at="2023-03-04T13:49:57 GMT" duration-ms="562" status="PASS">
          <reporter-output>
          </reporter-output>
        </test-method> <!-- endReport -->
      </class> <!-- com.hudl.testcases.Tests_LoginModule -->
    </test> <!-- Test -->
  </suite> <!-- Suite -->
</testng-results>
