<?xml version="1.0" encoding="UTF-8"?>
<testng-results ignored="0" total="6" passed="6" failed="0" skipped="0">
  <reporter-output>
  </reporter-output>
  <suite started-at="2023-03-04T17:44:07 GMT" name="Suite" finished-at="2023-03-04T17:45:06 GMT" duration-ms="58675">
    <groups>
      <group name="cucumber">
        <method signature="AbstractTestNGCucumberTests.runScenario(io.cucumber.testng.PickleWrapper,io.cucumber.testng.FeatureWrapper)[pri:0, instance:com.hudl.testcases.Tests_LoginModule@28261e8e]" name="runScenario" class="io.cucumber.testng.AbstractTestNGCucumberTests"/>
      </group> <!-- cucumber -->
    </groups>
    <test started-at="2023-03-04T17:44:07 GMT" name="Test" finished-at="2023-03-04T17:45:06 GMT" duration-ms="58675">
      <class name="com.hudl.testcases.Tests_LoginModule">
        <test-method is-config="true" signature="beginReport()[pri:0, instance:com.hudl.testcases.Tests_LoginModule@28261e8e]" started-at="2023-03-04T17:44:07 GMT" name="beginReport" finished-at="2023-03-04T17:44:07 GMT" duration-ms="458" status="PASS">
          <reporter-output>
          </reporter-output>
        </test-method> <!-- beginReport -->
        <test-method is-config="true" signature="setValues()[pri:0, instance:com.hudl.testcases.Tests_LoginModule@28261e8e]" started-at="2023-03-04T17:44:07 GMT" name="setValues" finished-at="2023-03-04T17:44:07 GMT" duration-ms="6" status="PASS">
          <reporter-output>
          </reporter-output>
        </test-method> <!-- setValues -->
        <test-method is-config="true" signature="setUpClass()[pri:0, instance:com.hudl.testcases.Tests_LoginModule@28261e8e]" started-at="2023-03-04T17:44:07 GMT" name="setUpClass" finished-at="2023-03-04T17:44:08 GMT" duration-ms="559" status="PASS">
          <reporter-output>
          </reporter-output>
        </test-method> <!-- setUpClass -->
        <test-method is-config="true" signature="report()[pri:0, instance:com.hudl.testcases.Tests_LoginModule@28261e8e]" started-at="2023-03-04T17:44:08 GMT" name="report" finished-at="2023-03-04T17:44:08 GMT" duration-ms="5" status="PASS">
          <reporter-output>
          </reporter-output>
        </test-method> <!-- report -->
        <test-method is-config="true" signature="initiateApp()[pri:0, instance:com.hudl.testcases.Tests_LoginModule@28261e8e]" started-at="2023-03-04T17:44:08 GMT" name="initiateApp" finished-at="2023-03-04T17:44:15 GMT" duration-ms="7321" status="PASS">
          <reporter-output>
          </reporter-output>
        </test-method> <!-- initiateApp -->
        <test-method signature="runScenario(io.cucumber.testng.PickleWrapper,io.cucumber.testng.FeatureWrapper)[pri:0, instance:com.hudl.testcases.Tests_LoginModule@28261e8e]" started-at="2023-03-04T17:44:15 GMT" name="runScenario" description="Runs Cucumber Scenarios" data-provider="scenarios" finished-at="2023-03-04T17:44:26 GMT" duration-ms="11241" status="PASS">
          <params>
            <param index="0">
              <value>
                <![CDATA["Validate the login page of Hudl.com with valid email and password"]]>
              </value>
            </param>
            <param index="1">
              <value>
                <![CDATA["Optional[Login functionality of Hudl.com]"]]>
              </value>
            </param>
          </params>
          <reporter-output>
          </reporter-output>
        </test-method> <!-- runScenario -->
        <test-method is-config="true" signature="closeApp()[pri:0, instance:com.hudl.testcases.Tests_LoginModule@28261e8e]" started-at="2023-03-04T17:44:26 GMT" name="closeApp" finished-at="2023-03-04T17:44:27 GMT" duration-ms="247" status="PASS">
          <reporter-output>
          </reporter-output>
        </test-method> <!-- closeApp -->
        <test-method is-config="true" signature="initiateApp()[pri:0, instance:com.hudl.testcases.Tests_LoginModule@28261e8e]" started-at="2023-03-04T17:44:27 GMT" name="initiateApp" finished-at="2023-03-04T17:44:31 GMT" duration-ms="4198" status="PASS">
          <reporter-output>
          </reporter-output>
        </test-method> <!-- initiateApp -->
        <test-method signature="runScenario(io.cucumber.testng.PickleWrapper,io.cucumber.testng.FeatureWrapper)[pri:0, instance:com.hudl.testcases.Tests_LoginModule@28261e8e]" started-at="2023-03-04T17:44:31 GMT" name="runScenario" description="Runs Cucumber Scenarios" data-provider="scenarios" finished-at="2023-03-04T17:44:35 GMT" duration-ms="4092" status="PASS">
          <params>
            <param index="0">
              <value>
                <![CDATA["Validate the login functionality for invalid email and password"]]>
              </value>
            </param>
            <param index="1">
              <value>
                <![CDATA["Optional[Login functionality of Hudl.com]"]]>
              </value>
            </param>
          </params>
          <reporter-output>
          </reporter-output>
        </test-method> <!-- runScenario -->
        <test-method is-config="true" signature="closeApp()[pri:0, instance:com.hudl.testcases.Tests_LoginModule@28261e8e]" started-at="2023-03-04T17:44:35 GMT" name="closeApp" finished-at="2023-03-04T17:44:35 GMT" duration-ms="271" status="PASS">
          <reporter-output>
          </reporter-output>
        </test-method> <!-- closeApp -->
        <test-method is-config="true" signature="initiateApp()[pri:0, instance:com.hudl.testcases.Tests_LoginModule@28261e8e]" started-at="2023-03-04T17:44:35 GMT" name="initiateApp" finished-at="2023-03-04T17:44:39 GMT" duration-ms="3682" status="PASS">
          <reporter-output>
          </reporter-output>
        </test-method> <!-- initiateApp -->
        <test-method signature="runScenario(io.cucumber.testng.PickleWrapper,io.cucumber.testng.FeatureWrapper)[pri:0, instance:com.hudl.testcases.Tests_LoginModule@28261e8e]" started-at="2023-03-04T17:44:39 GMT" name="runScenario" description="Runs Cucumber Scenarios" data-provider="scenarios" finished-at="2023-03-04T17:44:43 GMT" duration-ms="4183" status="PASS">
          <params>
            <param index="0">
              <value>
                <![CDATA["Validate the login functionality for invalid email and password"]]>
              </value>
            </param>
            <param index="1">
              <value>
                <![CDATA["Optional[Login functionality of Hudl.com]"]]>
              </value>
            </param>
          </params>
          <reporter-output>
          </reporter-output>
        </test-method> <!-- runScenario -->
        <test-method is-config="true" signature="closeApp()[pri:0, instance:com.hudl.testcases.Tests_LoginModule@28261e8e]" started-at="2023-03-04T17:44:43 GMT" name="closeApp" finished-at="2023-03-04T17:44:43 GMT" duration-ms="194" status="PASS">
          <reporter-output>
          </reporter-output>
        </test-method> <!-- closeApp -->
        <test-method is-config="true" signature="initiateApp()[pri:0, instance:com.hudl.testcases.Tests_LoginModule@28261e8e]" started-at="2023-03-04T17:44:43 GMT" name="initiateApp" finished-at="2023-03-04T17:44:47 GMT" duration-ms="3508" status="PASS">
          <reporter-output>
          </reporter-output>
        </test-method> <!-- initiateApp -->
        <test-method signature="runScenario(io.cucumber.testng.PickleWrapper,io.cucumber.testng.FeatureWrapper)[pri:0, instance:com.hudl.testcases.Tests_LoginModule@28261e8e]" started-at="2023-03-04T17:44:47 GMT" name="runScenario" description="Runs Cucumber Scenarios" data-provider="scenarios" finished-at="2023-03-04T17:44:51 GMT" duration-ms="3998" status="PASS">
          <params>
            <param index="0">
              <value>
                <![CDATA["Validate if the links in the Login page are accessible"]]>
              </value>
            </param>
            <param index="1">
              <value>
                <![CDATA["Optional[Login functionality of Hudl.com]"]]>
              </value>
            </param>
          </params>
          <reporter-output>
          </reporter-output>
        </test-method> <!-- runScenario -->
        <test-method is-config="true" signature="closeApp()[pri:0, instance:com.hudl.testcases.Tests_LoginModule@28261e8e]" started-at="2023-03-04T17:44:51 GMT" name="closeApp" finished-at="2023-03-04T17:44:51 GMT" duration-ms="207" status="PASS">
          <reporter-output>
          </reporter-output>
        </test-method> <!-- closeApp -->
        <test-method is-config="true" signature="initiateApp()[pri:0, instance:com.hudl.testcases.Tests_LoginModule@28261e8e]" started-at="2023-03-04T17:44:51 GMT" name="initiateApp" finished-at="2023-03-04T17:44:55 GMT" duration-ms="3788" status="PASS">
          <reporter-output>
          </reporter-output>
        </test-method> <!-- initiateApp -->
        <test-method signature="runScenario(io.cucumber.testng.PickleWrapper,io.cucumber.testng.FeatureWrapper)[pri:0, instance:com.hudl.testcases.Tests_LoginModule@28261e8e]" started-at="2023-03-04T17:44:55 GMT" name="runScenario" description="Runs Cucumber Scenarios" data-provider="scenarios" finished-at="2023-03-04T17:44:58 GMT" duration-ms="3059" status="PASS">
          <params>
            <param index="0">
              <value>
                <![CDATA["Validate if the links in the Login page are accessible"]]>
              </value>
            </param>
            <param index="1">
              <value>
                <![CDATA["Optional[Login functionality of Hudl.com]"]]>
              </value>
            </param>
          </params>
          <reporter-output>
          </reporter-output>
        </test-method> <!-- runScenario -->
        <test-method is-config="true" signature="closeApp()[pri:0, instance:com.hudl.testcases.Tests_LoginModule@28261e8e]" started-at="2023-03-04T17:44:58 GMT" name="closeApp" finished-at="2023-03-04T17:44:58 GMT" duration-ms="185" status="PASS">
          <reporter-output>
          </reporter-output>
        </test-method> <!-- closeApp -->
        <test-method is-config="true" signature="initiateApp()[pri:0, instance:com.hudl.testcases.Tests_LoginModule@28261e8e]" started-at="2023-03-04T17:44:58 GMT" name="initiateApp" finished-at="2023-03-04T17:45:02 GMT" duration-ms="3757" status="PASS">
          <reporter-output>
          </reporter-output>
        </test-method> <!-- initiateApp -->
        <test-method signature="runScenario(io.cucumber.testng.PickleWrapper,io.cucumber.testng.FeatureWrapper)[pri:0, instance:com.hudl.testcases.Tests_LoginModule@28261e8e]" started-at="2023-03-04T17:45:02 GMT" name="runScenario" description="Runs Cucumber Scenarios" data-provider="scenarios" finished-at="2023-03-04T17:45:06 GMT" duration-ms="3836" status="PASS">
          <params>
            <param index="0">
              <value>
                <![CDATA["Validate if the links in the Login page are accessible"]]>
              </value>
            </param>
            <param index="1">
              <value>
                <![CDATA["Optional[Login functionality of Hudl.com]"]]>
              </value>
            </param>
          </params>
          <reporter-output>
          </reporter-output>
        </test-method> <!-- runScenario -->
        <test-method is-config="true" signature="closeApp()[pri:0, instance:com.hudl.testcases.Tests_LoginModule@28261e8e]" started-at="2023-03-04T17:45:06 GMT" name="closeApp" finished-at="2023-03-04T17:45:06 GMT" duration-ms="214" status="PASS">
          <reporter-output>
          </reporter-output>
        </test-method> <!-- closeApp -->
        <test-method is-config="true" signature="tearDownClass()[pri:0, instance:com.hudl.testcases.Tests_LoginModule@28261e8e]" started-at="2023-03-04T17:45:06 GMT" name="tearDownClass" finished-at="2023-03-04T17:45:06 GMT" duration-ms="27" status="PASS">
          <reporter-output>
          </reporter-output>
        </test-method> <!-- tearDownClass -->
        <test-method is-config="true" signature="endReport()[pri:0, instance:com.hudl.testcases.Tests_LoginModule@28261e8e]" started-at="2023-03-04T17:45:06 GMT" name="endReport" finished-at="2023-03-04T17:45:07 GMT" duration-ms="714" status="PASS">
          <reporter-output>
          </reporter-output>
        </test-method> <!-- endReport -->
      </class> <!-- com.hudl.testcases.Tests_LoginModule -->
    </test> <!-- Test -->
  </suite> <!-- Suite -->
</testng-results>
