<?xml version="1.0" encoding="UTF-8"?>
<testng-results ignored="0" total="14" passed="14" failed="0" skipped="0">
  <reporter-output>
  </reporter-output>
  <suite started-at="2023-03-05T15:17:59 GMT" name="Suite" finished-at="2023-03-05T15:20:41 GMT" duration-ms="161507">
    <groups>
      <group name="cucumber">
        <method signature="AbstractTestNGCucumberTests.runScenario(io.cucumber.testng.PickleWrapper, io.cucumber.testng.FeatureWrapper)[pri:0, instance:com.hudl.testcases.Tests_LoginModule@6221a451]" name="runScenario" class="io.cucumber.testng.AbstractTestNGCucumberTests"/>
        <method signature="AbstractTestNGCucumberTests.runScenario(io.cucumber.testng.PickleWrapper, io.cucumber.testng.FeatureWrapper)[pri:0, instance:com.hudl.testcases.Tests_LoginModule@11392934]" name="runScenario" class="io.cucumber.testng.AbstractTestNGCucumberTests"/>
      </group> <!-- cucumber -->
    </groups>
    <test started-at="2023-03-05T15:17:59 GMT" name="Test_In_Chrome" finished-at="2023-03-05T15:19:13 GMT" duration-ms="74016">
      <class name="com.hudl.testcases.Tests_LoginModule">
        <test-method is-config="true" signature="setValues()[pri:0, instance:com.hudl.testcases.Tests_LoginModule@6221a451]" started-at="2023-03-05T15:17:59 GMT" name="setValues" finished-at="2023-03-05T15:17:59 GMT" duration-ms="1" status="PASS">
          <reporter-output>
          </reporter-output>
        </test-method> <!-- setValues -->
        <test-method is-config="true" signature="setUpClass()[pri:0, instance:com.hudl.testcases.Tests_LoginModule@6221a451]" started-at="2023-03-05T15:17:59 GMT" name="setUpClass" finished-at="2023-03-05T15:18:00 GMT" duration-ms="773" status="PASS">
          <reporter-output>
          </reporter-output>
        </test-method> <!-- setUpClass -->
        <test-method is-config="true" signature="report()[pri:0, instance:com.hudl.testcases.Tests_LoginModule@6221a451]" started-at="2023-03-05T15:18:00 GMT" name="report" finished-at="2023-03-05T15:18:00 GMT" duration-ms="6" status="PASS">
          <reporter-output>
          </reporter-output>
        </test-method> <!-- report -->
        <test-method is-config="true" signature="initiateApp(java.lang.String)[pri:0, instance:com.hudl.testcases.Tests_LoginModule@6221a451]" started-at="2023-03-05T15:18:00 GMT" name="initiateApp" finished-at="2023-03-05T15:18:06 GMT" duration-ms="6115" status="PASS">
          <params>
            <param index="0">
              <value>
                <![CDATA[chrome]]>
              </value>
            </param>
          </params>
          <reporter-output>
          </reporter-output>
        </test-method> <!-- initiateApp -->
        <test-method signature="runScenario(io.cucumber.testng.PickleWrapper, io.cucumber.testng.FeatureWrapper)[pri:0, instance:com.hudl.testcases.Tests_LoginModule@6221a451]" started-at="2023-03-05T15:18:06 GMT" name="runScenario" description="Runs Cucumber Scenarios" data-provider="scenarios" finished-at="2023-03-05T15:18:18 GMT" duration-ms="11293" status="PASS">
          <params>
            <param index="0">
              <value>
                <![CDATA["Validate the login page of Hudl.com with valid email and password"]]>
              </value>
            </param>
            <param index="1">
              <value>
                <![CDATA["Optional[Login functionality of Hudl.com]"]]>
              </value>
            </param>
          </params>
          <reporter-output>
          </reporter-output>
        </test-method> <!-- runScenario -->
        <test-method is-config="true" signature="closeApp()[pri:0, instance:com.hudl.testcases.Tests_LoginModule@6221a451]" started-at="2023-03-05T15:18:18 GMT" name="closeApp" finished-at="2023-03-05T15:18:18 GMT" duration-ms="419" status="PASS">
          <reporter-output>
          </reporter-output>
        </test-method> <!-- closeApp -->
        <test-method is-config="true" signature="initiateApp(java.lang.String)[pri:0, instance:com.hudl.testcases.Tests_LoginModule@6221a451]" started-at="2023-03-05T15:18:18 GMT" name="initiateApp" finished-at="2023-03-05T15:18:21 GMT" duration-ms="3381" status="PASS">
          <params>
            <param index="0">
              <value>
                <![CDATA[chrome]]>
              </value>
            </param>
          </params>
          <reporter-output>
          </reporter-output>
        </test-method> <!-- initiateApp -->
        <test-method signature="runScenario(io.cucumber.testng.PickleWrapper, io.cucumber.testng.FeatureWrapper)[pri:0, instance:com.hudl.testcases.Tests_LoginModule@6221a451]" started-at="2023-03-05T15:18:21 GMT" name="runScenario" description="Runs Cucumber Scenarios" data-provider="scenarios" finished-at="2023-03-05T15:18:26 GMT" duration-ms="4852" status="PASS">
          <params>
            <param index="0">
              <value>
                <![CDATA["Validate the login functionality for invalid email and password"]]>
              </value>
            </param>
            <param index="1">
              <value>
                <![CDATA["Optional[Login functionality of Hudl.com]"]]>
              </value>
            </param>
          </params>
          <reporter-output>
          </reporter-output>
        </test-method> <!-- runScenario -->
        <test-method is-config="true" signature="closeApp()[pri:0, instance:com.hudl.testcases.Tests_LoginModule@6221a451]" started-at="2023-03-05T15:18:26 GMT" name="closeApp" finished-at="2023-03-05T15:18:27 GMT" duration-ms="326" status="PASS">
          <reporter-output>
          </reporter-output>
        </test-method> <!-- closeApp -->
        <test-method is-config="true" signature="initiateApp(java.lang.String)[pri:0, instance:com.hudl.testcases.Tests_LoginModule@6221a451]" started-at="2023-03-05T15:18:27 GMT" name="initiateApp" finished-at="2023-03-05T15:18:30 GMT" duration-ms="3360" status="PASS">
          <params>
            <param index="0">
              <value>
                <![CDATA[chrome]]>
              </value>
            </param>
          </params>
          <reporter-output>
          </reporter-output>
        </test-method> <!-- initiateApp -->
        <test-method signature="runScenario(io.cucumber.testng.PickleWrapper, io.cucumber.testng.FeatureWrapper)[pri:0, instance:com.hudl.testcases.Tests_LoginModule@6221a451]" started-at="2023-03-05T15:18:30 GMT" name="runScenario" description="Runs Cucumber Scenarios" data-provider="scenarios" finished-at="2023-03-05T15:18:35 GMT" duration-ms="4759" status="PASS">
          <params>
            <param index="0">
              <value>
                <![CDATA["Validate the login functionality for invalid email and password"]]>
              </value>
            </param>
            <param index="1">
              <value>
                <![CDATA["Optional[Login functionality of Hudl.com]"]]>
              </value>
            </param>
          </params>
          <reporter-output>
          </reporter-output>
        </test-method> <!-- runScenario -->
        <test-method is-config="true" signature="closeApp()[pri:0, instance:com.hudl.testcases.Tests_LoginModule@6221a451]" started-at="2023-03-05T15:18:35 GMT" name="closeApp" finished-at="2023-03-05T15:18:35 GMT" duration-ms="351" status="PASS">
          <reporter-output>
          </reporter-output>
        </test-method> <!-- closeApp -->
        <test-method is-config="true" signature="initiateApp(java.lang.String)[pri:0, instance:com.hudl.testcases.Tests_LoginModule@6221a451]" started-at="2023-03-05T15:18:35 GMT" name="initiateApp" finished-at="2023-03-05T15:18:39 GMT" duration-ms="3642" status="PASS">
          <params>
            <param index="0">
              <value>
                <![CDATA[chrome]]>
              </value>
            </param>
          </params>
          <reporter-output>
          </reporter-output>
        </test-method> <!-- initiateApp -->
        <test-method signature="runScenario(io.cucumber.testng.PickleWrapper, io.cucumber.testng.FeatureWrapper)[pri:0, instance:com.hudl.testcases.Tests_LoginModule@6221a451]" started-at="2023-03-05T15:18:39 GMT" name="runScenario" description="Runs Cucumber Scenarios" data-provider="scenarios" finished-at="2023-03-05T15:18:43 GMT" duration-ms="4217" status="PASS">
          <params>
            <param index="0">
              <value>
                <![CDATA["Validate if the links in the Login page are accessible"]]>
              </value>
            </param>
            <param index="1">
              <value>
                <![CDATA["Optional[Login functionality of Hudl.com]"]]>
              </value>
            </param>
          </params>
          <reporter-output>
          </reporter-output>
        </test-method> <!-- runScenario -->
        <test-method is-config="true" signature="closeApp()[pri:0, instance:com.hudl.testcases.Tests_LoginModule@6221a451]" started-at="2023-03-05T15:18:43 GMT" name="closeApp" finished-at="2023-03-05T15:18:43 GMT" duration-ms="391" status="PASS">
          <reporter-output>
          </reporter-output>
        </test-method> <!-- closeApp -->
        <test-method is-config="true" signature="initiateApp(java.lang.String)[pri:0, instance:com.hudl.testcases.Tests_LoginModule@6221a451]" started-at="2023-03-05T15:18:43 GMT" name="initiateApp" finished-at="2023-03-05T15:18:47 GMT" duration-ms="3580" status="PASS">
          <params>
            <param index="0">
              <value>
                <![CDATA[chrome]]>
              </value>
            </param>
          </params>
          <reporter-output>
          </reporter-output>
        </test-method> <!-- initiateApp -->
        <test-method signature="runScenario(io.cucumber.testng.PickleWrapper, io.cucumber.testng.FeatureWrapper)[pri:0, instance:com.hudl.testcases.Tests_LoginModule@6221a451]" started-at="2023-03-05T15:18:47 GMT" name="runScenario" description="Runs Cucumber Scenarios" data-provider="scenarios" finished-at="2023-03-05T15:18:51 GMT" duration-ms="4036" status="PASS">
          <params>
            <param index="0">
              <value>
                <![CDATA["Validate if the links in the Login page are accessible"]]>
              </value>
            </param>
            <param index="1">
              <value>
                <![CDATA["Optional[Login functionality of Hudl.com]"]]>
              </value>
            </param>
          </params>
          <reporter-output>
          </reporter-output>
        </test-method> <!-- runScenario -->
        <test-method is-config="true" signature="closeApp()[pri:0, instance:com.hudl.testcases.Tests_LoginModule@6221a451]" started-at="2023-03-05T15:18:51 GMT" name="closeApp" finished-at="2023-03-05T15:18:51 GMT" duration-ms="259" status="PASS">
          <reporter-output>
          </reporter-output>
        </test-method> <!-- closeApp -->
        <test-method is-config="true" signature="initiateApp(java.lang.String)[pri:0, instance:com.hudl.testcases.Tests_LoginModule@6221a451]" started-at="2023-03-05T15:18:51 GMT" name="initiateApp" finished-at="2023-03-05T15:18:55 GMT" duration-ms="3633" status="PASS">
          <params>
            <param index="0">
              <value>
                <![CDATA[chrome]]>
              </value>
            </param>
          </params>
          <reporter-output>
          </reporter-output>
        </test-method> <!-- initiateApp -->
        <test-method signature="runScenario(io.cucumber.testng.PickleWrapper, io.cucumber.testng.FeatureWrapper)[pri:0, instance:com.hudl.testcases.Tests_LoginModule@6221a451]" started-at="2023-03-05T15:18:55 GMT" name="runScenario" description="Runs Cucumber Scenarios" data-provider="scenarios" finished-at="2023-03-05T15:18:59 GMT" duration-ms="4212" status="PASS">
          <params>
            <param index="0">
              <value>
                <![CDATA["Validate if the links in the Login page are accessible"]]>
              </value>
            </param>
            <param index="1">
              <value>
                <![CDATA["Optional[Login functionality of Hudl.com]"]]>
              </value>
            </param>
          </params>
          <reporter-output>
          </reporter-output>
        </test-method> <!-- runScenario -->
        <test-method is-config="true" signature="closeApp()[pri:0, instance:com.hudl.testcases.Tests_LoginModule@6221a451]" started-at="2023-03-05T15:18:59 GMT" name="closeApp" finished-at="2023-03-05T15:18:59 GMT" duration-ms="248" status="PASS">
          <reporter-output>
          </reporter-output>
        </test-method> <!-- closeApp -->
        <test-method is-config="true" signature="initiateApp(java.lang.String)[pri:0, instance:com.hudl.testcases.Tests_LoginModule@6221a451]" started-at="2023-03-05T15:18:59 GMT" name="initiateApp" finished-at="2023-03-05T15:19:03 GMT" duration-ms="3562" status="PASS">
          <params>
            <param index="0">
              <value>
                <![CDATA[chrome]]>
              </value>
            </param>
          </params>
          <reporter-output>
          </reporter-output>
        </test-method> <!-- initiateApp -->
        <test-method signature="runScenario(io.cucumber.testng.PickleWrapper, io.cucumber.testng.FeatureWrapper)[pri:0, instance:com.hudl.testcases.Tests_LoginModule@6221a451]" started-at="2023-03-05T15:19:03 GMT" name="runScenario" description="Runs Cucumber Scenarios" data-provider="scenarios" finished-at="2023-03-05T15:19:13 GMT" duration-ms="10243" status="PASS">
          <params>
            <param index="0">
              <value>
                <![CDATA["Validate the navigation from login page to Website page"]]>
              </value>
            </param>
            <param index="1">
              <value>
                <![CDATA["Optional[Login functionality of Hudl.com]"]]>
              </value>
            </param>
          </params>
          <reporter-output>
          </reporter-output>
        </test-method> <!-- runScenario -->
        <test-method is-config="true" signature="closeApp()[pri:0, instance:com.hudl.testcases.Tests_LoginModule@6221a451]" started-at="2023-03-05T15:19:13 GMT" name="closeApp" finished-at="2023-03-05T15:19:13 GMT" duration-ms="258" status="PASS">
          <reporter-output>
          </reporter-output>
        </test-method> <!-- closeApp -->
        <test-method is-config="true" signature="tearDownClass()[pri:0, instance:com.hudl.testcases.Tests_LoginModule@6221a451]" started-at="2023-03-05T15:19:13 GMT" name="tearDownClass" finished-at="2023-03-05T15:19:13 GMT" duration-ms="16" status="PASS">
          <reporter-output>
          </reporter-output>
        </test-method> <!-- tearDownClass -->
      </class> <!-- com.hudl.testcases.Tests_LoginModule -->
    </test> <!-- Test_In_Chrome -->
    <test started-at="2023-03-05T15:19:13 GMT" name="Test_In_Edge" finished-at="2023-03-05T15:20:41 GMT" duration-ms="87460">
      <class name="com.hudl.testcases.Tests_LoginModule">
        <test-method is-config="true" signature="beginReport()[pri:0, instance:com.hudl.testcases.Tests_LoginModule@11392934]" started-at="2023-03-05T15:17:59 GMT" name="beginReport" finished-at="2023-03-05T15:17:59 GMT" duration-ms="587" status="PASS">
          <reporter-output>
          </reporter-output>
        </test-method> <!-- beginReport -->
        <test-method is-config="true" signature="setValues()[pri:0, instance:com.hudl.testcases.Tests_LoginModule@11392934]" started-at="2023-03-05T15:19:13 GMT" name="setValues" finished-at="2023-03-05T15:19:13 GMT" duration-ms="1" status="PASS">
          <reporter-output>
          </reporter-output>
        </test-method> <!-- setValues -->
        <test-method is-config="true" signature="setUpClass()[pri:0, instance:com.hudl.testcases.Tests_LoginModule@11392934]" started-at="2023-03-05T15:19:13 GMT" name="setUpClass" finished-at="2023-03-05T15:19:13 GMT" duration-ms="22" status="PASS">
          <reporter-output>
          </reporter-output>
        </test-method> <!-- setUpClass -->
        <test-method is-config="true" signature="report()[pri:0, instance:com.hudl.testcases.Tests_LoginModule@11392934]" started-at="2023-03-05T15:19:13 GMT" name="report" finished-at="2023-03-05T15:19:13 GMT" duration-ms="0" status="PASS">
          <reporter-output>
          </reporter-output>
        </test-method> <!-- report -->
        <test-method is-config="true" signature="initiateApp(java.lang.String)[pri:0, instance:com.hudl.testcases.Tests_LoginModule@11392934]" started-at="2023-03-05T15:19:13 GMT" name="initiateApp" finished-at="2023-03-05T15:19:20 GMT" duration-ms="6773" status="PASS">
          <params>
            <param index="0">
              <value>
                <![CDATA[edge]]>
              </value>
            </param>
          </params>
          <reporter-output>
          </reporter-output>
        </test-method> <!-- initiateApp -->
        <test-method signature="runScenario(io.cucumber.testng.PickleWrapper, io.cucumber.testng.FeatureWrapper)[pri:0, instance:com.hudl.testcases.Tests_LoginModule@11392934]" started-at="2023-03-05T15:19:20 GMT" name="runScenario" description="Runs Cucumber Scenarios" data-provider="scenarios" finished-at="2023-03-05T15:19:32 GMT" duration-ms="11454" status="PASS">
          <params>
            <param index="0">
              <value>
                <![CDATA["Validate the login page of Hudl.com with valid email and password"]]>
              </value>
            </param>
            <param index="1">
              <value>
                <![CDATA["Optional[Login functionality of Hudl.com]"]]>
              </value>
            </param>
          </params>
          <reporter-output>
          </reporter-output>
        </test-method> <!-- runScenario -->
        <test-method is-config="true" signature="closeApp()[pri:0, instance:com.hudl.testcases.Tests_LoginModule@11392934]" started-at="2023-03-05T15:19:32 GMT" name="closeApp" finished-at="2023-03-05T15:19:32 GMT" duration-ms="403" status="PASS">
          <reporter-output>
          </reporter-output>
        </test-method> <!-- closeApp -->
        <test-method is-config="true" signature="initiateApp(java.lang.String)[pri:0, instance:com.hudl.testcases.Tests_LoginModule@11392934]" started-at="2023-03-05T15:19:32 GMT" name="initiateApp" finished-at="2023-03-05T15:19:38 GMT" duration-ms="5596" status="PASS">
          <params>
            <param index="0">
              <value>
                <![CDATA[edge]]>
              </value>
            </param>
          </params>
          <reporter-output>
          </reporter-output>
        </test-method> <!-- initiateApp -->
        <test-method signature="runScenario(io.cucumber.testng.PickleWrapper, io.cucumber.testng.FeatureWrapper)[pri:0, instance:com.hudl.testcases.Tests_LoginModule@11392934]" started-at="2023-03-05T15:19:38 GMT" name="runScenario" description="Runs Cucumber Scenarios" data-provider="scenarios" finished-at="2023-03-05T15:19:42 GMT" duration-ms="4652" status="PASS">
          <params>
            <param index="0">
              <value>
                <![CDATA["Validate the login functionality for invalid email and password"]]>
              </value>
            </param>
            <param index="1">
              <value>
                <![CDATA["Optional[Login functionality of Hudl.com]"]]>
              </value>
            </param>
          </params>
          <reporter-output>
          </reporter-output>
        </test-method> <!-- runScenario -->
        <test-method is-config="true" signature="closeApp()[pri:0, instance:com.hudl.testcases.Tests_LoginModule@11392934]" started-at="2023-03-05T15:19:42 GMT" name="closeApp" finished-at="2023-03-05T15:19:43 GMT" duration-ms="334" status="PASS">
          <reporter-output>
          </reporter-output>
        </test-method> <!-- closeApp -->
        <test-method is-config="true" signature="initiateApp(java.lang.String)[pri:0, instance:com.hudl.testcases.Tests_LoginModule@11392934]" started-at="2023-03-05T15:19:43 GMT" name="initiateApp" finished-at="2023-03-05T15:19:48 GMT" duration-ms="5699" status="PASS">
          <params>
            <param index="0">
              <value>
                <![CDATA[edge]]>
              </value>
            </param>
          </params>
          <reporter-output>
          </reporter-output>
        </test-method> <!-- initiateApp -->
        <test-method signature="runScenario(io.cucumber.testng.PickleWrapper, io.cucumber.testng.FeatureWrapper)[pri:0, instance:com.hudl.testcases.Tests_LoginModule@11392934]" started-at="2023-03-05T15:19:48 GMT" name="runScenario" description="Runs Cucumber Scenarios" data-provider="scenarios" finished-at="2023-03-05T15:19:54 GMT" duration-ms="5415" status="PASS">
          <params>
            <param index="0">
              <value>
                <![CDATA["Validate the login functionality for invalid email and password"]]>
              </value>
            </param>
            <param index="1">
              <value>
                <![CDATA["Optional[Login functionality of Hudl.com]"]]>
              </value>
            </param>
          </params>
          <reporter-output>
          </reporter-output>
        </test-method> <!-- runScenario -->
        <test-method is-config="true" signature="closeApp()[pri:0, instance:com.hudl.testcases.Tests_LoginModule@11392934]" started-at="2023-03-05T15:19:54 GMT" name="closeApp" finished-at="2023-03-05T15:19:54 GMT" duration-ms="405" status="PASS">
          <reporter-output>
          </reporter-output>
        </test-method> <!-- closeApp -->
        <test-method is-config="true" signature="initiateApp(java.lang.String)[pri:0, instance:com.hudl.testcases.Tests_LoginModule@11392934]" started-at="2023-03-05T15:19:54 GMT" name="initiateApp" finished-at="2023-03-05T15:20:00 GMT" duration-ms="5539" status="PASS">
          <params>
            <param index="0">
              <value>
                <![CDATA[edge]]>
              </value>
            </param>
          </params>
          <reporter-output>
          </reporter-output>
        </test-method> <!-- initiateApp -->
        <test-method signature="runScenario(io.cucumber.testng.PickleWrapper, io.cucumber.testng.FeatureWrapper)[pri:0, instance:com.hudl.testcases.Tests_LoginModule@11392934]" started-at="2023-03-05T15:20:00 GMT" name="runScenario" description="Runs Cucumber Scenarios" data-provider="scenarios" finished-at="2023-03-05T15:20:04 GMT" duration-ms="4327" status="PASS">
          <params>
            <param index="0">
              <value>
                <![CDATA["Validate if the links in the Login page are accessible"]]>
              </value>
            </param>
            <param index="1">
              <value>
                <![CDATA["Optional[Login functionality of Hudl.com]"]]>
              </value>
            </param>
          </params>
          <reporter-output>
          </reporter-output>
        </test-method> <!-- runScenario -->
        <test-method is-config="true" signature="closeApp()[pri:0, instance:com.hudl.testcases.Tests_LoginModule@11392934]" started-at="2023-03-05T15:20:04 GMT" name="closeApp" finished-at="2023-03-05T15:20:04 GMT" duration-ms="363" status="PASS">
          <reporter-output>
          </reporter-output>
        </test-method> <!-- closeApp -->
        <test-method is-config="true" signature="initiateApp(java.lang.String)[pri:0, instance:com.hudl.testcases.Tests_LoginModule@11392934]" started-at="2023-03-05T15:20:04 GMT" name="initiateApp" finished-at="2023-03-05T15:20:11 GMT" duration-ms="6858" status="PASS">
          <params>
            <param index="0">
              <value>
                <![CDATA[edge]]>
              </value>
            </param>
          </params>
          <reporter-output>
          </reporter-output>
        </test-method> <!-- initiateApp -->
        <test-method signature="runScenario(io.cucumber.testng.PickleWrapper, io.cucumber.testng.FeatureWrapper)[pri:0, instance:com.hudl.testcases.Tests_LoginModule@11392934]" started-at="2023-03-05T15:20:11 GMT" name="runScenario" description="Runs Cucumber Scenarios" data-provider="scenarios" finished-at="2023-03-05T15:20:15 GMT" duration-ms="4155" status="PASS">
          <params>
            <param index="0">
              <value>
                <![CDATA["Validate if the links in the Login page are accessible"]]>
              </value>
            </param>
            <param index="1">
              <value>
                <![CDATA["Optional[Login functionality of Hudl.com]"]]>
              </value>
            </param>
          </params>
          <reporter-output>
          </reporter-output>
        </test-method> <!-- runScenario -->
        <test-method is-config="true" signature="closeApp()[pri:0, instance:com.hudl.testcases.Tests_LoginModule@11392934]" started-at="2023-03-05T15:20:15 GMT" name="closeApp" finished-at="2023-03-05T15:20:16 GMT" duration-ms="376" status="PASS">
          <reporter-output>
          </reporter-output>
        </test-method> <!-- closeApp -->
        <test-method is-config="true" signature="initiateApp(java.lang.String)[pri:0, instance:com.hudl.testcases.Tests_LoginModule@11392934]" started-at="2023-03-05T15:20:16 GMT" name="initiateApp" finished-at="2023-03-05T15:20:21 GMT" duration-ms="5710" status="PASS">
          <params>
            <param index="0">
              <value>
                <![CDATA[edge]]>
              </value>
            </param>
          </params>
          <reporter-output>
          </reporter-output>
        </test-method> <!-- initiateApp -->
        <test-method signature="runScenario(io.cucumber.testng.PickleWrapper, io.cucumber.testng.FeatureWrapper)[pri:0, instance:com.hudl.testcases.Tests_LoginModule@11392934]" started-at="2023-03-05T15:20:21 GMT" name="runScenario" description="Runs Cucumber Scenarios" data-provider="scenarios" finished-at="2023-03-05T15:20:26 GMT" duration-ms="4311" status="PASS">
          <params>
            <param index="0">
              <value>
                <![CDATA["Validate if the links in the Login page are accessible"]]>
              </value>
            </param>
            <param index="1">
              <value>
                <![CDATA["Optional[Login functionality of Hudl.com]"]]>
              </value>
            </param>
          </params>
          <reporter-output>
          </reporter-output>
        </test-method> <!-- runScenario -->
        <test-method is-config="true" signature="closeApp()[pri:0, instance:com.hudl.testcases.Tests_LoginModule@11392934]" started-at="2023-03-05T15:20:26 GMT" name="closeApp" finished-at="2023-03-05T15:20:26 GMT" duration-ms="324" status="PASS">
          <reporter-output>
          </reporter-output>
        </test-method> <!-- closeApp -->
        <test-method is-config="true" signature="initiateApp(java.lang.String)[pri:0, instance:com.hudl.testcases.Tests_LoginModule@11392934]" started-at="2023-03-05T15:20:26 GMT" name="initiateApp" finished-at="2023-03-05T15:20:32 GMT" duration-ms="5555" status="PASS">
          <params>
            <param index="0">
              <value>
                <![CDATA[edge]]>
              </value>
            </param>
          </params>
          <reporter-output>
          </reporter-output>
        </test-method> <!-- initiateApp -->
        <test-method signature="runScenario(io.cucumber.testng.PickleWrapper, io.cucumber.testng.FeatureWrapper)[pri:0, instance:com.hudl.testcases.Tests_LoginModule@11392934]" started-at="2023-03-05T15:20:32 GMT" name="runScenario" description="Runs Cucumber Scenarios" data-provider="scenarios" finished-at="2023-03-05T15:20:40 GMT" duration-ms="8751" status="PASS">
          <params>
            <param index="0">
              <value>
                <![CDATA["Validate the navigation from login page to Website page"]]>
              </value>
            </param>
            <param index="1">
              <value>
                <![CDATA["Optional[Login functionality of Hudl.com]"]]>
              </value>
            </param>
          </params>
          <reporter-output>
          </reporter-output>
        </test-method> <!-- runScenario -->
        <test-method is-config="true" signature="closeApp()[pri:0, instance:com.hudl.testcases.Tests_LoginModule@11392934]" started-at="2023-03-05T15:20:40 GMT" name="closeApp" finished-at="2023-03-05T15:20:41 GMT" duration-ms="398" status="PASS">
          <reporter-output>
          </reporter-output>
        </test-method> <!-- closeApp -->
        <test-method is-config="true" signature="tearDownClass()[pri:0, instance:com.hudl.testcases.Tests_LoginModule@11392934]" started-at="2023-03-05T15:20:41 GMT" name="tearDownClass" finished-at="2023-03-05T15:20:41 GMT" duration-ms="1" status="PASS">
          <reporter-output>
          </reporter-output>
        </test-method> <!-- tearDownClass -->
        <test-method is-config="true" signature="endReport()[pri:0, instance:com.hudl.testcases.Tests_LoginModule@11392934]" started-at="2023-03-05T15:20:41 GMT" name="endReport" finished-at="2023-03-05T15:20:41 GMT" duration-ms="521" status="PASS">
          <reporter-output>
          </reporter-output>
        </test-method> <!-- endReport -->
      </class> <!-- com.hudl.testcases.Tests_LoginModule -->
    </test> <!-- Test_In_Edge -->
  </suite> <!-- Suite -->
</testng-results>
